<?xml version="1.0" encoding="UTF-8"?>
<testsuite xmlns:xsi="http://www.w3.org/2001/XMLSchema-instance" xsi:noNamespaceSchemaLocation="https://maven.apache.org/surefire/maven-surefire-plugin/xsd/surefire-test-report.xsd" version="3.0.2" name="com.orangehrm.selenium.cucumber.runner.CucumberJUnitSuiteTest" time="16.66" tests="2" errors="0" skipped="0" failures="2">
  <properties>
    <property name="java.specification.version" value="17"/>
    <property name="webdriver.chrome.driver" value="C:\Users\satis\.cache\selenium\chromedriver\win64\131.0.6778.264\chromedriver.exe"/>
    <property name="sun.cpu.isalist" value="amd64"/>
    <property name="sun.jnu.encoding" value="Cp1252"/>
    <property name="java.class.path" value="D:\WorkSpace_Selenium\CucuJunitFramework5\target\test-classes;D:\WorkSpace_Selenium\CucuJunitFramework5\target\classes;C:\Users\satis\.m2\repository\org\seleniumhq\selenium\selenium-java\4.27.0\selenium-java-4.27.0.jar;C:\Users\satis\.m2\repository\org\seleniumhq\selenium\selenium-api\4.27.0\selenium-api-4.27.0.jar;C:\Users\satis\.m2\repository\org\jspecify\jspecify\1.0.0\jspecify-1.0.0.jar;C:\Users\satis\.m2\repository\org\seleniumhq\selenium\selenium-chrome-driver\4.27.0\selenium-chrome-driver-4.27.0.jar;C:\Users\satis\.m2\repository\com\google\auto\service\auto-service-annotations\1.1.1\auto-service-annotations-1.1.1.jar;C:\Users\satis\.m2\repository\org\seleniumhq\selenium\selenium-chromium-driver\4.27.0\selenium-chromium-driver-4.27.0.jar;C:\Users\satis\.m2\repository\org\seleniumhq\selenium\selenium-json\4.27.0\selenium-json-4.27.0.jar;C:\Users\satis\.m2\repository\org\seleniumhq\selenium\selenium-manager\4.27.0\selenium-manager-4.27.0.jar;C:\Users\satis\.m2\repository\org\seleniumhq\selenium\selenium-devtools-v129\4.27.0\selenium-devtools-v129-4.27.0.jar;C:\Users\satis\.m2\repository\org\seleniumhq\selenium\selenium-devtools-v130\4.27.0\selenium-devtools-v130-4.27.0.jar;C:\Users\satis\.m2\repository\org\seleniumhq\selenium\selenium-devtools-v131\4.27.0\selenium-devtools-v131-4.27.0.jar;C:\Users\satis\.m2\repository\org\seleniumhq\selenium\selenium-devtools-v85\4.27.0\selenium-devtools-v85-4.27.0.jar;C:\Users\satis\.m2\repository\org\seleniumhq\selenium\selenium-edge-driver\4.27.0\selenium-edge-driver-4.27.0.jar;C:\Users\satis\.m2\repository\org\seleniumhq\selenium\selenium-firefox-driver\4.27.0\selenium-firefox-driver-4.27.0.jar;C:\Users\satis\.m2\repository\org\seleniumhq\selenium\selenium-http\4.27.0\selenium-http-4.27.0.jar;C:\Users\satis\.m2\repository\dev\failsafe\failsafe\3.3.2\failsafe-3.3.2.jar;C:\Users\satis\.m2\repository\org\seleniumhq\selenium\selenium-ie-driver\4.27.0\selenium-ie-driver-4.27.0.jar;C:\Users\satis\.m2\repository\org\seleniumhq\selenium\selenium-remote-driver\4.27.0\selenium-remote-driver-4.27.0.jar;C:\Users\satis\.m2\repository\com\google\guava\guava\33.3.1-jre\guava-33.3.1-jre.jar;C:\Users\satis\.m2\repository\com\google\guava\failureaccess\1.0.2\failureaccess-1.0.2.jar;C:\Users\satis\.m2\repository\com\google\guava\listenablefuture\9999.0-empty-to-avoid-conflict-with-guava\listenablefuture-9999.0-empty-to-avoid-conflict-with-guava.jar;C:\Users\satis\.m2\repository\com\google\code\findbugs\jsr305\3.0.2\jsr305-3.0.2.jar;C:\Users\satis\.m2\repository\org\checkerframework\checker-qual\3.43.0\checker-qual-3.43.0.jar;C:\Users\satis\.m2\repository\com\google\j2objc\j2objc-annotations\3.0.0\j2objc-annotations-3.0.0.jar;C:\Users\satis\.m2\repository\io\opentelemetry\semconv\opentelemetry-semconv\1.25.0-alpha\opentelemetry-semconv-1.25.0-alpha.jar;C:\Users\satis\.m2\repository\io\opentelemetry\opentelemetry-api\1.44.1\opentelemetry-api-1.44.1.jar;C:\Users\satis\.m2\repository\io\opentelemetry\opentelemetry-context\1.44.1\opentelemetry-context-1.44.1.jar;C:\Users\satis\.m2\repository\io\opentelemetry\opentelemetry-exporter-logging\1.44.1\opentelemetry-exporter-logging-1.44.1.jar;C:\Users\satis\.m2\repository\io\opentelemetry\opentelemetry-sdk-common\1.44.1\opentelemetry-sdk-common-1.44.1.jar;C:\Users\satis\.m2\repository\io\opentelemetry\opentelemetry-sdk-extension-autoconfigure-spi\1.44.1\opentelemetry-sdk-extension-autoconfigure-spi-1.44.1.jar;C:\Users\satis\.m2\repository\io\opentelemetry\opentelemetry-sdk-extension-autoconfigure\1.44.1\opentelemetry-sdk-extension-autoconfigure-1.44.1.jar;C:\Users\satis\.m2\repository\io\opentelemetry\opentelemetry-api-incubator\1.44.1-alpha\opentelemetry-api-incubator-1.44.1-alpha.jar;C:\Users\satis\.m2\repository\io\opentelemetry\opentelemetry-sdk-trace\1.44.1\opentelemetry-sdk-trace-1.44.1.jar;C:\Users\satis\.m2\repository\io\opentelemetry\opentelemetry-sdk\1.44.1\opentelemetry-sdk-1.44.1.jar;C:\Users\satis\.m2\repository\io\opentelemetry\opentelemetry-sdk-metrics\1.44.1\opentelemetry-sdk-metrics-1.44.1.jar;C:\Users\satis\.m2\repository\io\opentelemetry\opentelemetry-sdk-logs\1.44.1\opentelemetry-sdk-logs-1.44.1.jar;C:\Users\satis\.m2\repository\net\bytebuddy\byte-buddy\1.15.10\byte-buddy-1.15.10.jar;C:\Users\satis\.m2\repository\org\seleniumhq\selenium\selenium-os\4.27.0\selenium-os-4.27.0.jar;C:\Users\satis\.m2\repository\org\apache\commons\commons-exec\1.4.0\commons-exec-1.4.0.jar;C:\Users\satis\.m2\repository\org\seleniumhq\selenium\selenium-safari-driver\4.27.0\selenium-safari-driver-4.27.0.jar;C:\Users\satis\.m2\repository\org\seleniumhq\selenium\selenium-support\4.27.0\selenium-support-4.27.0.jar;C:\Users\satis\.m2\repository\io\cucumber\cucumber-java\7.20.1\cucumber-java-7.20.1.jar;C:\Users\satis\.m2\repository\org\apiguardian\apiguardian-api\1.1.2\apiguardian-api-1.1.2.jar;C:\Users\satis\.m2\repository\io\cucumber\cucumber-junit\7.20.1\cucumber-junit-7.20.1.jar;C:\Users\satis\.m2\repository\junit\junit\4.13.2\junit-4.13.2.jar;C:\Users\satis\.m2\repository\org\hamcrest\hamcrest-core\1.3\hamcrest-core-1.3.jar;C:\Users\satis\.m2\repository\io\cucumber\cucumber-junit-platform-engine\7.20.1\cucumber-junit-platform-engine-7.20.1.jar;C:\Users\satis\.m2\repository\org\junit\platform\junit-platform-engine\1.11.2\junit-platform-engine-1.11.2.jar;C:\Users\satis\.m2\repository\io\cucumber\cucumber-core\7.20.1\cucumber-core-7.20.1.jar;C:\Users\satis\.m2\repository\io\cucumber\cucumber-gherkin\7.20.1\cucumber-gherkin-7.20.1.jar;C:\Users\satis\.m2\repository\io\cucumber\cucumber-gherkin-messages\7.20.1\cucumber-gherkin-messages-7.20.1.jar;C:\Users\satis\.m2\repository\io\cucumber\gherkin\28.0.0\gherkin-28.0.0.jar;C:\Users\satis\.m2\repository\io\cucumber\messages\24.1.0\messages-24.1.0.jar;C:\Users\satis\.m2\repository\io\cucumber\testng-xml-formatter\0.2.0\testng-xml-formatter-0.2.0.jar;C:\Users\satis\.m2\repository\io\cucumber\query\12.2.0\query-12.2.0.jar;C:\Users\satis\.m2\repository\io\cucumber\tag-expressions\6.1.0\tag-expressions-6.1.0.jar;C:\Users\satis\.m2\repository\io\cucumber\cucumber-expressions\17.1.0\cucumber-expressions-17.1.0.jar;C:\Users\satis\.m2\repository\io\cucumber\datatable\7.20.1\datatable-7.20.1.jar;C:\Users\satis\.m2\repository\io\cucumber\docstring\7.20.1\docstring-7.20.1.jar;C:\Users\satis\.m2\repository\io\cucumber\html-formatter\21.7.0\html-formatter-21.7.0.jar;C:\Users\satis\.m2\repository\io\cucumber\junit-xml-formatter\0.5.0\junit-xml-formatter-0.5.0.jar;C:\Users\satis\.m2\repository\io\cucumber\ci-environment\10.0.1\ci-environment-10.0.1.jar;C:\Users\satis\.m2\repository\io\cucumber\cucumber-plugin\7.20.1\cucumber-plugin-7.20.1.jar;C:\Users\satis\.m2\repository\io\qameta\allure\allure-cucumber7-jvm\2.29.1\allure-cucumber7-jvm-2.29.1.jar;C:\Users\satis\.m2\repository\io\qameta\allure\allure-junit5\2.29.1\allure-junit5-2.29.1.jar;C:\Users\satis\.m2\repository\io\qameta\allure\allure-junit-platform\2.29.1\allure-junit-platform-2.29.1.jar;C:\Users\satis\.m2\repository\io\qameta\allure\allure-test-filter\2.29.1\allure-test-filter-2.29.1.jar;C:\Users\satis\.m2\repository\io\qameta\allure\allure-java-commons\2.29.1\allure-java-commons-2.29.1.jar;C:\Users\satis\.m2\repository\org\slf4j\slf4j-api\2.0.13\slf4j-api-2.0.13.jar;C:\Users\satis\.m2\repository\io\qameta\allure\allure-model\2.29.1\allure-model-2.29.1.jar;C:\Users\satis\.m2\repository\org\junit\jupiter\junit-jupiter-api\5.11.4\junit-jupiter-api-5.11.4.jar;C:\Users\satis\.m2\repository\org\opentest4j\opentest4j\1.3.0\opentest4j-1.3.0.jar;C:\Users\satis\.m2\repository\org\junit\platform\junit-platform-commons\1.11.4\junit-platform-commons-1.11.4.jar;C:\Users\satis\.m2\repository\org\junit\jupiter\junit-jupiter-engine\5.11.4\junit-jupiter-engine-5.11.4.jar;C:\Users\satis\.m2\repository\org\junit\platform\junit-platform-suite\1.11.4\junit-platform-suite-1.11.4.jar;C:\Users\satis\.m2\repository\org\junit\platform\junit-platform-suite-engine\1.11.4\junit-platform-suite-engine-1.11.4.jar;C:\Users\satis\.m2\repository\org\junit\platform\junit-platform-suite-commons\1.11.4\junit-platform-suite-commons-1.11.4.jar;C:\Users\satis\.m2\repository\org\junit\platform\junit-platform-suite-api\1.11.4\junit-platform-suite-api-1.11.4.jar;C:\Users\satis\.m2\repository\org\junit\platform\junit-platform-launcher\1.11.4\junit-platform-launcher-1.11.4.jar;C:\Users\satis\.m2\repository\org\apache\logging\log4j\log4j-core\2.17.0\log4j-core-2.17.0.jar;C:\Users\satis\.m2\repository\org\apache\logging\log4j\log4j-api\2.17.0\log4j-api-2.17.0.jar;C:\Users\satis\.m2\repository\io\github\bonigarcia\webdrivermanager\5.9.2\webdrivermanager-5.9.2.jar;C:\Users\satis\.m2\repository\com\google\code\gson\gson\2.11.0\gson-2.11.0.jar;C:\Users\satis\.m2\repository\com\google\errorprone\error_prone_annotations\2.27.0\error_prone_annotations-2.27.0.jar;C:\Users\satis\.m2\repository\com\github\docker-java\docker-java\3.4.0\docker-java-3.4.0.jar;C:\Users\satis\.m2\repository\com\github\docker-java\docker-java-core\3.4.0\docker-java-core-3.4.0.jar;C:\Users\satis\.m2\repository\com\github\docker-java\docker-java-api\3.4.0\docker-java-api-3.4.0.jar;C:\Users\satis\.m2\repository\com\fasterxml\jackson\core\jackson-annotations\2.10.3\jackson-annotations-2.10.3.jar;C:\Users\satis\.m2\repository\com\fasterxml\jackson\core\jackson-databind\2.10.3\jackson-databind-2.10.3.jar;C:\Users\satis\.m2\repository\com\fasterxml\jackson\core\jackson-core\2.10.3\jackson-core-2.10.3.jar;C:\Users\satis\.m2\repository\org\slf4j\jcl-over-slf4j\1.7.30\jcl-over-slf4j-1.7.30.jar;C:\Users\satis\.m2\repository\com\github\docker-java\docker-java-transport-httpclient5\3.4.0\docker-java-transport-httpclient5-3.4.0.jar;C:\Users\satis\.m2\repository\com\github\docker-java\docker-java-transport\3.4.0\docker-java-transport-3.4.0.jar;C:\Users\satis\.m2\repository\net\java\dev\jna\jna\5.13.0\jna-5.13.0.jar;C:\Users\satis\.m2\repository\org\brotli\dec\0.1.2\dec-0.1.2.jar;C:\Users\satis\.m2\repository\org\apache\commons\commons-lang3\3.15.0\commons-lang3-3.15.0.jar;C:\Users\satis\.m2\repository\org\apache\commons\commons-compress\1.26.2\commons-compress-1.26.2.jar;C:\Users\satis\.m2\repository\org\apache\httpcomponents\client5\httpclient5\5.2.1\httpclient5-5.2.1.jar;C:\Users\satis\.m2\repository\org\apache\httpcomponents\core5\httpcore5\5.2\httpcore5-5.2.jar;C:\Users\satis\.m2\repository\org\apache\httpcomponents\core5\httpcore5-h2\5.2\httpcore5-h2-5.2.jar;C:\Users\satis\.m2\repository\org\slf4j\slf4j-simple\2.0.16\slf4j-simple-2.0.16.jar;C:\Users\satis\.m2\repository\org\apache\poi\poi\5.2.3\poi-5.2.3.jar;C:\Users\satis\.m2\repository\commons-codec\commons-codec\1.15\commons-codec-1.15.jar;C:\Users\satis\.m2\repository\org\apache\commons\commons-collections4\4.4\commons-collections4-4.4.jar;C:\Users\satis\.m2\repository\org\apache\commons\commons-math3\3.6.1\commons-math3-3.6.1.jar;C:\Users\satis\.m2\repository\commons-io\commons-io\2.11.0\commons-io-2.11.0.jar;C:\Users\satis\.m2\repository\com\zaxxer\SparseBitSet\1.2\SparseBitSet-1.2.jar;C:\Users\satis\.m2\repository\org\apache\poi\poi-ooxml\5.2.3\poi-ooxml-5.2.3.jar;C:\Users\satis\.m2\repository\org\apache\poi\poi-ooxml-lite\5.2.3\poi-ooxml-lite-5.2.3.jar;C:\Users\satis\.m2\repository\org\apache\xmlbeans\xmlbeans\5.1.1\xmlbeans-5.1.1.jar;C:\Users\satis\.m2\repository\com\github\virtuald\curvesapi\1.07\curvesapi-1.07.jar;"/>
    <property name="java.vm.vendor" value="Oracle Corporation"/>
    <property name="sun.arch.data.model" value="64"/>
    <property name="user.variant" value=""/>
    <property name="java.vendor.url" value="https://java.oracle.com/"/>
    <property name="user.timezone" value="Asia/Calcutta"/>
    <property name="os.name" value="Windows 10"/>
    <property name="java.vm.specification.version" value="17"/>
    <property name="sun.java.launcher" value="SUN_STANDARD"/>
    <property name="user.country" value="IN"/>
    <property name="sun.boot.library.path" value="C:\Program Files\Java\jdk-17\bin"/>
    <property name="sun.java.command" value="C:\Users\satis\AppData\Local\Temp\surefire3428724248519680361\surefirebooter-20250116204434547_3.jar C:\Users\satis\AppData\Local\Temp\surefire3428724248519680361 2025-01-16T20-44-34_390-jvmRun1 surefire-20250116204434547_1tmp surefire_0-20250116204434547_2tmp"/>
    <property name="jdk.debug" value="release"/>
    <property name="surefire.test.class.path" value="D:\WorkSpace_Selenium\CucuJunitFramework5\target\test-classes;D:\WorkSpace_Selenium\CucuJunitFramework5\target\classes;C:\Users\satis\.m2\repository\org\seleniumhq\selenium\selenium-java\4.27.0\selenium-java-4.27.0.jar;C:\Users\satis\.m2\repository\org\seleniumhq\selenium\selenium-api\4.27.0\selenium-api-4.27.0.jar;C:\Users\satis\.m2\repository\org\jspecify\jspecify\1.0.0\jspecify-1.0.0.jar;C:\Users\satis\.m2\repository\org\seleniumhq\selenium\selenium-chrome-driver\4.27.0\selenium-chrome-driver-4.27.0.jar;C:\Users\satis\.m2\repository\com\google\auto\service\auto-service-annotations\1.1.1\auto-service-annotations-1.1.1.jar;C:\Users\satis\.m2\repository\org\seleniumhq\selenium\selenium-chromium-driver\4.27.0\selenium-chromium-driver-4.27.0.jar;C:\Users\satis\.m2\repository\org\seleniumhq\selenium\selenium-json\4.27.0\selenium-json-4.27.0.jar;C:\Users\satis\.m2\repository\org\seleniumhq\selenium\selenium-manager\4.27.0\selenium-manager-4.27.0.jar;C:\Users\satis\.m2\repository\org\seleniumhq\selenium\selenium-devtools-v129\4.27.0\selenium-devtools-v129-4.27.0.jar;C:\Users\satis\.m2\repository\org\seleniumhq\selenium\selenium-devtools-v130\4.27.0\selenium-devtools-v130-4.27.0.jar;C:\Users\satis\.m2\repository\org\seleniumhq\selenium\selenium-devtools-v131\4.27.0\selenium-devtools-v131-4.27.0.jar;C:\Users\satis\.m2\repository\org\seleniumhq\selenium\selenium-devtools-v85\4.27.0\selenium-devtools-v85-4.27.0.jar;C:\Users\satis\.m2\repository\org\seleniumhq\selenium\selenium-edge-driver\4.27.0\selenium-edge-driver-4.27.0.jar;C:\Users\satis\.m2\repository\org\seleniumhq\selenium\selenium-firefox-driver\4.27.0\selenium-firefox-driver-4.27.0.jar;C:\Users\satis\.m2\repository\org\seleniumhq\selenium\selenium-http\4.27.0\selenium-http-4.27.0.jar;C:\Users\satis\.m2\repository\dev\failsafe\failsafe\3.3.2\failsafe-3.3.2.jar;C:\Users\satis\.m2\repository\org\seleniumhq\selenium\selenium-ie-driver\4.27.0\selenium-ie-driver-4.27.0.jar;C:\Users\satis\.m2\repository\org\seleniumhq\selenium\selenium-remote-driver\4.27.0\selenium-remote-driver-4.27.0.jar;C:\Users\satis\.m2\repository\com\google\guava\guava\33.3.1-jre\guava-33.3.1-jre.jar;C:\Users\satis\.m2\repository\com\google\guava\failureaccess\1.0.2\failureaccess-1.0.2.jar;C:\Users\satis\.m2\repository\com\google\guava\listenablefuture\9999.0-empty-to-avoid-conflict-with-guava\listenablefuture-9999.0-empty-to-avoid-conflict-with-guava.jar;C:\Users\satis\.m2\repository\com\google\code\findbugs\jsr305\3.0.2\jsr305-3.0.2.jar;C:\Users\satis\.m2\repository\org\checkerframework\checker-qual\3.43.0\checker-qual-3.43.0.jar;C:\Users\satis\.m2\repository\com\google\j2objc\j2objc-annotations\3.0.0\j2objc-annotations-3.0.0.jar;C:\Users\satis\.m2\repository\io\opentelemetry\semconv\opentelemetry-semconv\1.25.0-alpha\opentelemetry-semconv-1.25.0-alpha.jar;C:\Users\satis\.m2\repository\io\opentelemetry\opentelemetry-api\1.44.1\opentelemetry-api-1.44.1.jar;C:\Users\satis\.m2\repository\io\opentelemetry\opentelemetry-context\1.44.1\opentelemetry-context-1.44.1.jar;C:\Users\satis\.m2\repository\io\opentelemetry\opentelemetry-exporter-logging\1.44.1\opentelemetry-exporter-logging-1.44.1.jar;C:\Users\satis\.m2\repository\io\opentelemetry\opentelemetry-sdk-common\1.44.1\opentelemetry-sdk-common-1.44.1.jar;C:\Users\satis\.m2\repository\io\opentelemetry\opentelemetry-sdk-extension-autoconfigure-spi\1.44.1\opentelemetry-sdk-extension-autoconfigure-spi-1.44.1.jar;C:\Users\satis\.m2\repository\io\opentelemetry\opentelemetry-sdk-extension-autoconfigure\1.44.1\opentelemetry-sdk-extension-autoconfigure-1.44.1.jar;C:\Users\satis\.m2\repository\io\opentelemetry\opentelemetry-api-incubator\1.44.1-alpha\opentelemetry-api-incubator-1.44.1-alpha.jar;C:\Users\satis\.m2\repository\io\opentelemetry\opentelemetry-sdk-trace\1.44.1\opentelemetry-sdk-trace-1.44.1.jar;C:\Users\satis\.m2\repository\io\opentelemetry\opentelemetry-sdk\1.44.1\opentelemetry-sdk-1.44.1.jar;C:\Users\satis\.m2\repository\io\opentelemetry\opentelemetry-sdk-metrics\1.44.1\opentelemetry-sdk-metrics-1.44.1.jar;C:\Users\satis\.m2\repository\io\opentelemetry\opentelemetry-sdk-logs\1.44.1\opentelemetry-sdk-logs-1.44.1.jar;C:\Users\satis\.m2\repository\net\bytebuddy\byte-buddy\1.15.10\byte-buddy-1.15.10.jar;C:\Users\satis\.m2\repository\org\seleniumhq\selenium\selenium-os\4.27.0\selenium-os-4.27.0.jar;C:\Users\satis\.m2\repository\org\apache\commons\commons-exec\1.4.0\commons-exec-1.4.0.jar;C:\Users\satis\.m2\repository\org\seleniumhq\selenium\selenium-safari-driver\4.27.0\selenium-safari-driver-4.27.0.jar;C:\Users\satis\.m2\repository\org\seleniumhq\selenium\selenium-support\4.27.0\selenium-support-4.27.0.jar;C:\Users\satis\.m2\repository\io\cucumber\cucumber-java\7.20.1\cucumber-java-7.20.1.jar;C:\Users\satis\.m2\repository\org\apiguardian\apiguardian-api\1.1.2\apiguardian-api-1.1.2.jar;C:\Users\satis\.m2\repository\io\cucumber\cucumber-junit\7.20.1\cucumber-junit-7.20.1.jar;C:\Users\satis\.m2\repository\junit\junit\4.13.2\junit-4.13.2.jar;C:\Users\satis\.m2\repository\org\hamcrest\hamcrest-core\1.3\hamcrest-core-1.3.jar;C:\Users\satis\.m2\repository\io\cucumber\cucumber-junit-platform-engine\7.20.1\cucumber-junit-platform-engine-7.20.1.jar;C:\Users\satis\.m2\repository\org\junit\platform\junit-platform-engine\1.11.2\junit-platform-engine-1.11.2.jar;C:\Users\satis\.m2\repository\io\cucumber\cucumber-core\7.20.1\cucumber-core-7.20.1.jar;C:\Users\satis\.m2\repository\io\cucumber\cucumber-gherkin\7.20.1\cucumber-gherkin-7.20.1.jar;C:\Users\satis\.m2\repository\io\cucumber\cucumber-gherkin-messages\7.20.1\cucumber-gherkin-messages-7.20.1.jar;C:\Users\satis\.m2\repository\io\cucumber\gherkin\28.0.0\gherkin-28.0.0.jar;C:\Users\satis\.m2\repository\io\cucumber\messages\24.1.0\messages-24.1.0.jar;C:\Users\satis\.m2\repository\io\cucumber\testng-xml-formatter\0.2.0\testng-xml-formatter-0.2.0.jar;C:\Users\satis\.m2\repository\io\cucumber\query\12.2.0\query-12.2.0.jar;C:\Users\satis\.m2\repository\io\cucumber\tag-expressions\6.1.0\tag-expressions-6.1.0.jar;C:\Users\satis\.m2\repository\io\cucumber\cucumber-expressions\17.1.0\cucumber-expressions-17.1.0.jar;C:\Users\satis\.m2\repository\io\cucumber\datatable\7.20.1\datatable-7.20.1.jar;C:\Users\satis\.m2\repository\io\cucumber\docstring\7.20.1\docstring-7.20.1.jar;C:\Users\satis\.m2\repository\io\cucumber\html-formatter\21.7.0\html-formatter-21.7.0.jar;C:\Users\satis\.m2\repository\io\cucumber\junit-xml-formatter\0.5.0\junit-xml-formatter-0.5.0.jar;C:\Users\satis\.m2\repository\io\cucumber\ci-environment\10.0.1\ci-environment-10.0.1.jar;C:\Users\satis\.m2\repository\io\cucumber\cucumber-plugin\7.20.1\cucumber-plugin-7.20.1.jar;C:\Users\satis\.m2\repository\io\qameta\allure\allure-cucumber7-jvm\2.29.1\allure-cucumber7-jvm-2.29.1.jar;C:\Users\satis\.m2\repository\io\qameta\allure\allure-junit5\2.29.1\allure-junit5-2.29.1.jar;C:\Users\satis\.m2\repository\io\qameta\allure\allure-junit-platform\2.29.1\allure-junit-platform-2.29.1.jar;C:\Users\satis\.m2\repository\io\qameta\allure\allure-test-filter\2.29.1\allure-test-filter-2.29.1.jar;C:\Users\satis\.m2\repository\io\qameta\allure\allure-java-commons\2.29.1\allure-java-commons-2.29.1.jar;C:\Users\satis\.m2\repository\org\slf4j\slf4j-api\2.0.13\slf4j-api-2.0.13.jar;C:\Users\satis\.m2\repository\io\qameta\allure\allure-model\2.29.1\allure-model-2.29.1.jar;C:\Users\satis\.m2\repository\org\junit\jupiter\junit-jupiter-api\5.11.4\junit-jupiter-api-5.11.4.jar;C:\Users\satis\.m2\repository\org\opentest4j\opentest4j\1.3.0\opentest4j-1.3.0.jar;C:\Users\satis\.m2\repository\org\junit\platform\junit-platform-commons\1.11.4\junit-platform-commons-1.11.4.jar;C:\Users\satis\.m2\repository\org\junit\jupiter\junit-jupiter-engine\5.11.4\junit-jupiter-engine-5.11.4.jar;C:\Users\satis\.m2\repository\org\junit\platform\junit-platform-suite\1.11.4\junit-platform-suite-1.11.4.jar;C:\Users\satis\.m2\repository\org\junit\platform\junit-platform-suite-engine\1.11.4\junit-platform-suite-engine-1.11.4.jar;C:\Users\satis\.m2\repository\org\junit\platform\junit-platform-suite-commons\1.11.4\junit-platform-suite-commons-1.11.4.jar;C:\Users\satis\.m2\repository\org\junit\platform\junit-platform-suite-api\1.11.4\junit-platform-suite-api-1.11.4.jar;C:\Users\satis\.m2\repository\org\junit\platform\junit-platform-launcher\1.11.4\junit-platform-launcher-1.11.4.jar;C:\Users\satis\.m2\repository\org\apache\logging\log4j\log4j-core\2.17.0\log4j-core-2.17.0.jar;C:\Users\satis\.m2\repository\org\apache\logging\log4j\log4j-api\2.17.0\log4j-api-2.17.0.jar;C:\Users\satis\.m2\repository\io\github\bonigarcia\webdrivermanager\5.9.2\webdrivermanager-5.9.2.jar;C:\Users\satis\.m2\repository\com\google\code\gson\gson\2.11.0\gson-2.11.0.jar;C:\Users\satis\.m2\repository\com\google\errorprone\error_prone_annotations\2.27.0\error_prone_annotations-2.27.0.jar;C:\Users\satis\.m2\repository\com\github\docker-java\docker-java\3.4.0\docker-java-3.4.0.jar;C:\Users\satis\.m2\repository\com\github\docker-java\docker-java-core\3.4.0\docker-java-core-3.4.0.jar;C:\Users\satis\.m2\repository\com\github\docker-java\docker-java-api\3.4.0\docker-java-api-3.4.0.jar;C:\Users\satis\.m2\repository\com\fasterxml\jackson\core\jackson-annotations\2.10.3\jackson-annotations-2.10.3.jar;C:\Users\satis\.m2\repository\com\fasterxml\jackson\core\jackson-databind\2.10.3\jackson-databind-2.10.3.jar;C:\Users\satis\.m2\repository\com\fasterxml\jackson\core\jackson-core\2.10.3\jackson-core-2.10.3.jar;C:\Users\satis\.m2\repository\org\slf4j\jcl-over-slf4j\1.7.30\jcl-over-slf4j-1.7.30.jar;C:\Users\satis\.m2\repository\com\github\docker-java\docker-java-transport-httpclient5\3.4.0\docker-java-transport-httpclient5-3.4.0.jar;C:\Users\satis\.m2\repository\com\github\docker-java\docker-java-transport\3.4.0\docker-java-transport-3.4.0.jar;C:\Users\satis\.m2\repository\net\java\dev\jna\jna\5.13.0\jna-5.13.0.jar;C:\Users\satis\.m2\repository\org\brotli\dec\0.1.2\dec-0.1.2.jar;C:\Users\satis\.m2\repository\org\apache\commons\commons-lang3\3.15.0\commons-lang3-3.15.0.jar;C:\Users\satis\.m2\repository\org\apache\commons\commons-compress\1.26.2\commons-compress-1.26.2.jar;C:\Users\satis\.m2\repository\org\apache\httpcomponents\client5\httpclient5\5.2.1\httpclient5-5.2.1.jar;C:\Users\satis\.m2\repository\org\apache\httpcomponents\core5\httpcore5\5.2\httpcore5-5.2.jar;C:\Users\satis\.m2\repository\org\apache\httpcomponents\core5\httpcore5-h2\5.2\httpcore5-h2-5.2.jar;C:\Users\satis\.m2\repository\org\slf4j\slf4j-simple\2.0.16\slf4j-simple-2.0.16.jar;C:\Users\satis\.m2\repository\org\apache\poi\poi\5.2.3\poi-5.2.3.jar;C:\Users\satis\.m2\repository\commons-codec\commons-codec\1.15\commons-codec-1.15.jar;C:\Users\satis\.m2\repository\org\apache\commons\commons-collections4\4.4\commons-collections4-4.4.jar;C:\Users\satis\.m2\repository\org\apache\commons\commons-math3\3.6.1\commons-math3-3.6.1.jar;C:\Users\satis\.m2\repository\commons-io\commons-io\2.11.0\commons-io-2.11.0.jar;C:\Users\satis\.m2\repository\com\zaxxer\SparseBitSet\1.2\SparseBitSet-1.2.jar;C:\Users\satis\.m2\repository\org\apache\poi\poi-ooxml\5.2.3\poi-ooxml-5.2.3.jar;C:\Users\satis\.m2\repository\org\apache\poi\poi-ooxml-lite\5.2.3\poi-ooxml-lite-5.2.3.jar;C:\Users\satis\.m2\repository\org\apache\xmlbeans\xmlbeans\5.1.1\xmlbeans-5.1.1.jar;C:\Users\satis\.m2\repository\com\github\virtuald\curvesapi\1.07\curvesapi-1.07.jar;"/>
    <property name="sun.cpu.endian" value="little"/>
    <property name="user.home" value="C:\Users\satis"/>
    <property name="user.language" value="en"/>
    <property name="java.specification.vendor" value="Oracle Corporation"/>
    <property name="java.version.date" value="2024-07-16"/>
    <property name="java.home" value="C:\Program Files\Java\jdk-17"/>
    <property name="file.separator" value="\"/>
    <property name="basedir" value="D:\WorkSpace_Selenium\CucuJunitFramework5"/>
    <property name="java.vm.compressedOopsMode" value="Zero based"/>
    <property name="line.separator" value="&#10;"/>
    <property name="java.vm.specification.vendor" value="Oracle Corporation"/>
    <property name="java.specification.name" value="Java Platform API Specification"/>
    <property name="surefire.real.class.path" value="C:\Users\satis\AppData\Local\Temp\surefire3428724248519680361\surefirebooter-20250116204434547_3.jar"/>
    <property name="user.script" value=""/>
    <property name="sun.management.compiler" value="HotSpot 64-Bit Tiered Compilers"/>
    <property name="java.runtime.version" value="17.0.12+8-LTS-286"/>
    <property name="user.name" value="satis"/>
    <property name="path.separator" value=";"/>
    <property name="os.version" value="10.0"/>
    <property name="java.runtime.name" value="Java(TM) SE Runtime Environment"/>
    <property name="file.encoding" value="Cp1252"/>
    <property name="java.vm.name" value="Java HotSpot(TM) 64-Bit Server VM"/>
    <property name="localRepository" value="C:\Users\satis\.m2\repository"/>
    <property name="java.vendor.url.bug" value="https://bugreport.java.com/bugreport/"/>
    <property name="java.io.tmpdir" value="C:\Users\satis\AppData\Local\Temp\"/>
    <property name="java.version" value="17.0.12"/>
    <property name="user.dir" value="D:\WorkSpace_Selenium\CucuJunitFramework5"/>
    <property name="os.arch" value="amd64"/>
    <property name="java.vm.specification.name" value="Java Virtual Machine Specification"/>
    <property name="sun.os.patch.level" value=""/>
    <property name="native.encoding" value="Cp1252"/>
    <property name="java.library.path" value="C:\Program Files\Java\jdk-17\bin;C:\WINDOWS\Sun\Java\bin;C:\WINDOWS\system32;C:\WINDOWS;C:\Program Files\Java\jdk-17\bin;D:\VMware\VMware Workstation\bin\;C:\Program Files\Eclipse Adoptium\jdk-11.0.24.8-hotspot\bin;C:\Program Files\Common Files\Oracle\Java\javapath;C:\WINDOWS\system32;C:\WINDOWS;C:\WINDOWS\System32\Wbem;C:\WINDOWS\System32\WindowsPowerShell\v1.0\;C:\WINDOWS\System32\OpenSSH\;C:\Program Files (x86)\Groovy\bin;C:\Program Files\MySQL\MySQL Server 8.0\bin;C:\Program Files\Maven\apache-maven-3.9.6\bin;C:\Program Files\apache-jmeter-5.6.2\apache-jmeter-5.6.2\bin;C:\Program Files\Docker\Docker\resources\bin;C:\Program Files\Kubectl;C:\Program Files\nodejs\;C:\ProgramData\chocolatey\bin;C:\Program Files\nodejs;C:\Program Files\dotnet\;C:\Program Files\Java\jdk-17\bin;C:\Program Files\Java\jdk-17\jre\bin;C:\Program Files\Git\cmd;C:\Program Files\allure-2.32.0\bin;C:\Users\satis\AppData\Local\Programs\Python\Python312\Scripts\;C:\Users\satis\AppData\Local\Programs\Python\Python312\;C:\Program Files\MySQL\MySQL Shell 8.0\bin\;C:\Users\satis\AppData\Local\Microsoft\WindowsApps;C:\Users\satis\AppData\Local\Programs\Microsoft VS Code\bin;C:\Users\satis\AppData\Local\GitHubDesktop\bin;C:\Program Files\allure-2.28.0\bin;C:\Program Files\JetBrains\IntelliJ IDEA 2024.1.4\bin;C:\Users\satis\AppData\Roaming\npm;C:\Program Files\JetBrains\IntelliJ IDEA Community Edition 2024.3.1\bin;;."/>
    <property name="java.vm.info" value="mixed mode, sharing"/>
    <property name="java.vendor" value="Oracle Corporation"/>
    <property name="java.vm.version" value="17.0.12+8-LTS-286"/>
    <property name="sun.io.unicode.encoding" value="UnicodeLittle"/>
    <property name="java.class.version" value="61.0"/>
  </properties>
  <testcase name="Login with Empty Credentials - Login with Empty Credentials Should Display Error Messages" classname="Login with Empty Credentials" time="7.771">
    <failure message="Error message for Username field does not match! ==&gt; expected: &lt;Require&gt; but was: &lt;Required&gt;" type="org.opentest4j.AssertionFailedError"><![CDATA[org.opentest4j.AssertionFailedError: Error message for Username field does not match! ==> expected: <Require> but was: <Required>
	at com.orangehrm.selenium.cucumber.stepdefs.EmptyLoginStepDef.i_should_see_error_messages(EmptyLoginStepDef.java:68)
	at ✽.I should see error messages for blank username and password fields(classpath:features/LoginWithEmptyCredentials.feature:15)
]]></failure>
    <system-out><![CDATA[
@Login @LoginResetPassword @SanityTest
Scenario: Reset Password Functionality Should Display Success Message &amp#27;[90m# features/PasswordResetFunctionality.feature:12&amp#27;[0m

@Login @EmptyLoginCredentials @SanityTest
Scenario: Login with Empty Credentials Should Display Error Messages      &amp#27;[90m# features/LoginWithEmptyCredentials.feature:12&amp#27;[0m

@Login @ValidLoginCredentials @SmokeTest @SanityTest @EndToEndTest @RegressionTest
Scenario Outline: Login with Valid Credentials Should Navigate to Dashboard   &amp#27;[90m# features/LoginWithValidCredentials.feature:21&amp#27;[0m

@Login @InvalidLoginCredentials @SanityTest @RegressionTest
Scenario Outline: Login with Invalid Credentials Should Display Error Message &amp#27;[90m# features/LoginWithInvalidCredentials.feature:21&amp#27;[0m

@Login @InvalidLoginCredentials @SanityTest @RegressionTest
Scenario Outline: Login with Invalid Credentials Should Display Error Message &amp#27;[90m# features/LoginWithInvalidCredentials.feature:19&amp#27;[0m

@Login @InvalidLoginCredentials @SanityTest @RegressionTest
Scenario Outline: Login with Invalid Credentials Should Display Error Message   &amp#27;[90m# features/LoginWithInvalidCredentials.feature:20&amp#27;[0m
2025-01-16T20:44:37,254 [ForkJoinPool-2-worker-1] INFO  LogUtil:60 - Initializing WebDriver: Browser = chrome, Headless = false
2025-01-16T20:44:37,254 [ForkJoinPool-2-worker-5] INFO  LogUtil:60 - Initializing WebDriver: Browser = chrome, Headless = false
2025-01-16T20:44:37,254 [ForkJoinPool-2-worker-3] INFO  LogUtil:60 - Initializing WebDriver: Browser = chrome, Headless = false
2025-01-16T20:44:37,254 [ForkJoinPool-2-worker-4] INFO  LogUtil:60 - Initializing WebDriver: Browser = chrome, Headless = false
2025-01-16T20:44:37,254 [ForkJoinPool-2-worker-2] INFO  LogUtil:60 - Initializing WebDriver: Browser = chrome, Headless = false
2025-01-16T20:44:37,254 [ForkJoinPool-2-worker-6] INFO  LogUtil:60 - Initializing WebDriver: Browser = chrome, Headless = false
2025-01-16T20:44:39,872 [ForkJoinPool-2-worker-3] INFO  LogUtil:60 - Driver Instance: ChromeDriver: chrome on windows (2129d5273e2733b25bb01e5d0ac0c569) at WebDriverHooks: setUp
2025-01-16T20:44:39,875 [ForkJoinPool-2-worker-4] INFO  LogUtil:60 - Driver Instance: ChromeDriver: chrome on windows (5daa21b65811b484ca7483e22680c329) at WebDriverHooks: setUp
2025-01-16T20:44:39,926 [ForkJoinPool-2-worker-1] INFO  LogUtil:60 - Driver Instance: ChromeDriver: chrome on windows (d9630e76e7ab8c25cff50d0bb938f665) at WebDriverHooks: setUp
2025-01-16T20:44:39,934 [ForkJoinPool-2-worker-6] INFO  LogUtil:60 - Driver Instance: ChromeDriver: chrome on windows (9b3638f779ccd342c0cbc90e37c00fb6) at WebDriverHooks: setUp
2025-01-16T20:44:39,940 [ForkJoinPool-2-worker-5] INFO  LogUtil:60 - Driver Instance: ChromeDriver: chrome on windows (0c109ff5d2f21f0495ae6bd005dcfa66) at WebDriverHooks: setUp
2025-01-16T20:44:39,940 [ForkJoinPool-2-worker-2] INFO  LogUtil:60 - Driver Instance: ChromeDriver: chrome on windows (e72302f4933138eefe1ac631c80c73ed) at WebDriverHooks: setUp
2025-01-16T20:44:42,545 [ForkJoinPool-2-worker-2] INFO  LogUtil:60 - Navigating to the OrangeHRM login page.
2025-01-16T20:44:42,732 [ForkJoinPool-2-worker-4] INFO  LogUtil:60 - Navigating to the OrangeHRM login page.
2025-01-16T20:44:42,857 [ForkJoinPool-2-worker-3] INFO  LogUtil:60 - Navigating to the OrangeHRM login page.
2025-01-16T20:44:42,929 [ForkJoinPool-2-worker-6] INFO  LogUtil:60 - Navigating to the OrangeHRM login page.
2025-01-16T20:44:43,100 [ForkJoinPool-2-worker-2] INFO  LogUtil:60 - Login page loaded successfully.
  &amp#27;[32mGiven &amp#27;[0m&amp#27;[32mI am on the login page&amp#27;[0m                                            &amp#27;[90m# com.orangehrm.selenium.cucumber.stepdefs.CommonStepDef.i_am_on_the_login_page()&amp#27;[0m
2025-01-16T20:44:43,106 [ForkJoinPool-2-worker-2] INFO  LogUtil:60 - Leaving the username and password fields empty.
2025-01-16T20:44:43,157 [ForkJoinPool-2-worker-2] INFO  LogUtil:60 - Entered username: 
2025-01-16T20:44:43,229 [ForkJoinPool-2-worker-5] INFO  LogUtil:60 - Navigating to the OrangeHRM login page.
2025-01-16T20:44:43,238 [ForkJoinPool-2-worker-2] INFO  LogUtil:60 - Entered password: 
  &amp#27;[32mGiven &amp#27;[0m&amp#27;[32mI leave the username and password fields empty&amp#27;[0m                    &amp#27;[90m# com.orangehrm.selenium.cucumber.stepdefs.EmptyLoginStepDef.i_leave_fields_empty()&amp#27;[0m
2025-01-16T20:44:43,290 [ForkJoinPool-2-worker-4] INFO  LogUtil:60 - Login page loaded successfully.
  &amp#27;[32mGiven &amp#27;[0m&amp#27;[32mI am on the login page&amp#27;[0m                                                &amp#27;[90m# com.orangehrm.selenium.cucumber.stepdefs.CommonStepDef.i_am_on_the_login_page()&amp#27;[0m
2025-01-16T20:44:43,293 [ForkJoinPool-2-worker-4] INFO  LogUtil:60 - Entering valid credentials. Username: Admin, Password: admin123
2025-01-16T20:44:43,327 [ForkJoinPool-2-worker-1] INFO  LogUtil:60 - Navigating to the OrangeHRM login page.
2025-01-16T20:44:43,333 [ForkJoinPool-2-worker-2] INFO  LogUtil:60 - Clicked login button
2025-01-16T20:44:43,333 [ForkJoinPool-2-worker-2] INFO  LogUtil:60 - Login button clicked.
  &amp#27;[32mWhen &amp#27;[0m&amp#27;[32mI click on the login button&amp#27;[0m                                        &amp#27;[90m# com.orangehrm.selenium.cucumber.stepdefs.CommonStepDef.i_click_on_the_login_button()&amp#27;[0m
2025-01-16T20:44:43,335 [ForkJoinPool-2-worker-2] INFO  LogUtil:60 - Verifying error messages for blank username and password fields.
2025-01-16T20:44:43,365 [ForkJoinPool-2-worker-4] INFO  LogUtil:60 - Entered username: Admin
2025-01-16T20:44:43,428 [ForkJoinPool-2-worker-3] INFO  LogUtil:60 - Login page loaded successfully.
  &amp#27;[32mGiven &amp#27;[0m&amp#27;[32mI am on the login page&amp#27;[0m                                                &amp#27;[90m# com.orangehrm.selenium.cucumber.stepdefs.CommonStepDef.i_am_on_the_login_page()&amp#27;[0m
2025-01-16T20:44:43,430 [ForkJoinPool-2-worker-3] INFO  LogUtil:60 - Entering invalid credentials. Username: Adminn, Password: admin
2025-01-16T20:44:43,466 [ForkJoinPool-2-worker-4] INFO  LogUtil:60 - Entered password: admin123
  &amp#27;[32mGiven &amp#27;[0m&amp#27;[32mI enter a valid user name &amp#27;[0m&amp#27;[32m&amp#27;[1m"Admin"&amp#27;[0m&amp#27;[32m and a valid password &amp#27;[0m&amp#27;[32m&amp#27;[1m"admin123"&amp#27;[0m     &amp#27;[90m# com.orangehrm.selenium.cucumber.stepdefs.ValidLoginStepDef.i_enter_valid_user_credentials(java.lang.String,java.lang.String)&amp#27;[0m
2025-01-16T20:44:43,482 [ForkJoinPool-2-worker-6] INFO  LogUtil:60 - Login page loaded successfully.
  &amp#27;[32mGiven &amp#27;[0m&amp#27;[32mI am on the login page&amp#27;[0m                                                  &amp#27;[90m# com.orangehrm.selenium.cucumber.stepdefs.CommonStepDef.i_am_on_the_login_page()&amp#27;[0m
2025-01-16T20:44:43,484 [ForkJoinPool-2-worker-6] INFO  LogUtil:60 - Entering invalid credentials. Username: Admin, Password: admin123
2025-01-16T20:44:43,506 [ForkJoinPool-2-worker-3] INFO  LogUtil:60 - Entered username: Adminn
2025-01-16T20:44:43,567 [ForkJoinPool-2-worker-6] INFO  LogUtil:60 - Entered username: Admin
2025-01-16T20:44:43,609 [ForkJoinPool-2-worker-3] INFO  LogUtil:60 - Entered password: admin
  &amp#27;[32mGiven &amp#27;[0m&amp#27;[32mI enter an invalid user name &amp#27;[0m&amp#27;[32m&amp#27;[1m"Adminn"&amp#27;[0m&amp#27;[32m and an invalid password &amp#27;[0m&amp#27;[32m&amp#27;[1m"admin"&amp#27;[0m &amp#27;[90m# com.orangehrm.selenium.cucumber.stepdefs.InvalidLoginStepDef.i_enter_invalid_user_credentials(java.lang.String,java.lang.String)&amp#27;[0m
2025-01-16T20:44:43,666 [ForkJoinPool-2-worker-6] INFO  LogUtil:60 - Entered password: admin123
  &amp#27;[32mGiven &amp#27;[0m&amp#27;[32mI enter an invalid user name &amp#27;[0m&amp#27;[32m&amp#27;[1m"Admin"&amp#27;[0m&amp#27;[32m and an invalid password &amp#27;[0m&amp#27;[32m&amp#27;[1m"admin123"&amp#27;[0m &amp#27;[90m# com.orangehrm.selenium.cucumber.stepdefs.InvalidLoginStepDef.i_enter_invalid_user_credentials(java.lang.String,java.lang.String)&amp#27;[0m
  &amp#27;[31mThen &amp#27;[0m&amp#27;[31mI should see error messages for blank username and password fields&amp#27;[0m &amp#27;[90m# com.orangehrm.selenium.cucumber.stepdefs.EmptyLoginStepDef.i_should_see_error_messages()&amp#27;[0m
      &amp#27;[31morg.opentest4j.AssertionFailedError: Error message for Username field does not match! ==> expected: <Require> but was: <Required>
	at org.junit.jupiter.api.AssertionFailureBuilder.build(AssertionFailureBuilder.java:151)
	at org.junit.jupiter.api.AssertionFailureBuilder.buildAndThrow(AssertionFailureBuilder.java:132)
	at org.junit.jupiter.api.AssertEquals.failNotEqual(AssertEquals.java:197)
	at org.junit.jupiter.api.AssertEquals.assertEquals(AssertEquals.java:182)
	at org.junit.jupiter.api.Assertions.assertEquals(Assertions.java:1156)
	at com.orangehrm.selenium.cucumber.stepdefs.EmptyLoginStepDef.i_should_see_error_messages(EmptyLoginStepDef.java:68)
	at âœ½.I should see error messages for blank username and password fields(classpath:features/LoginWithEmptyCredentials.feature:15)
&amp#27;[0m
2025-01-16T20:44:43,749 [ForkJoinPool-2-worker-6] INFO  LogUtil:60 - Clicked login button
2025-01-16T20:44:43,749 [ForkJoinPool-2-worker-6] INFO  LogUtil:60 - Login button clicked.
  &amp#27;[32mWhen &amp#27;[0m&amp#27;[32mI click on the login button&amp#27;[0m                                              &amp#27;[90m# com.orangehrm.selenium.cucumber.stepdefs.CommonStepDef.i_click_on_the_login_button()&amp#27;[0m
2025-01-16T20:44:43,751 [ForkJoinPool-2-worker-6] INFO  LogUtil:60 - Verifying the error message: Invalid credentials
2025-01-16T20:44:43,795 [ForkJoinPool-2-worker-5] INFO  LogUtil:60 - Login page loaded successfully.
  &amp#27;[32mGiven &amp#27;[0m&amp#27;[32mI am on the login page&amp#27;[0m                                                &amp#27;[90m# com.orangehrm.selenium.cucumber.stepdefs.CommonStepDef.i_am_on_the_login_page()&amp#27;[0m
2025-01-16T20:44:43,797 [ForkJoinPool-2-worker-5] INFO  LogUtil:60 - Entering invalid credentials. Username: Admin, Password: admin
2025-01-16T20:44:43,860 [ForkJoinPool-2-worker-5] INFO  LogUtil:60 - Entered username: Admin
2025-01-16T20:44:43,879 [ForkJoinPool-2-worker-1] INFO  LogUtil:60 - Login page loaded successfully.
  &amp#27;[32mGiven &amp#27;[0m&amp#27;[32mI am on the login page&amp#27;[0m                                        &amp#27;[90m# com.orangehrm.selenium.cucumber.stepdefs.CommonStepDef.i_am_on_the_login_page()&amp#27;[0m
2025-01-16T20:44:43,881 [ForkJoinPool-2-worker-1] INFO  LogUtil:60 - Clicking on the link: Forgot your password?

    Embedding Login with Empty Credentials Should Display Error Messages [image/png 95233 bytes]

2025-01-16T20:44:43,935 [ForkJoinPool-2-worker-2] ERROR LogUtil:66 - Test Failed: Login with Empty Credentials Should Display Error Messages
2025-01-16T20:44:43,936 [ForkJoinPool-2-worker-2] INFO  LogUtil:60 - Processing Scenario: Name = LoginWithEmptyCredentials, Line = 12
2025-01-16T20:44:43,937 [ForkJoinPool-2-worker-5] INFO  LogUtil:60 - Entered password: admin
  &amp#27;[32mGiven &amp#27;[0m&amp#27;[32mI enter an invalid user name &amp#27;[0m&amp#27;[32m&amp#27;[1m"Admin"&amp#27;[0m&amp#27;[32m and an invalid password &amp#27;[0m&amp#27;[32m&amp#27;[1m"admin"&amp#27;[0m  &amp#27;[90m# com.orangehrm.selenium.cucumber.stepdefs.InvalidLoginStepDef.i_enter_invalid_user_credentials(java.lang.String,java.lang.String)&amp#27;[0m
2025-01-16T20:44:44,144 [ForkJoinPool-2-worker-2] INFO  LogUtil:60 - Screenshot of Failed Test Scenario LoginWithEmptyCredentials is saved.
]]></system-out>
    <system-err><![CDATA[[ForkJoinPool-2-worker-5] INFO io.github.bonigarcia.wdm.WebDriverManager - Using chromedriver 131.0.6778.264 (resolved driver for Chrome 131)
[ForkJoinPool-2-worker-1] INFO io.github.bonigarcia.wdm.WebDriverManager - Using chromedriver 131.0.6778.264 (resolved driver for Chrome 131)
[ForkJoinPool-2-worker-2] INFO io.github.bonigarcia.wdm.WebDriverManager - Using chromedriver 131.0.6778.264 (resolved driver for Chrome 131)
[ForkJoinPool-2-worker-6] INFO io.github.bonigarcia.wdm.WebDriverManager - Using chromedriver 131.0.6778.264 (resolved driver for Chrome 131)
[ForkJoinPool-2-worker-3] INFO io.github.bonigarcia.wdm.WebDriverManager - Using chromedriver 131.0.6778.264 (resolved driver for Chrome 131)
[ForkJoinPool-2-worker-5] INFO io.github.bonigarcia.wdm.WebDriverManager - Exporting webdriver.chrome.driver as C:\Users\satis\.cache\selenium\chromedriver\win64\131.0.6778.264\chromedriver.exe
[ForkJoinPool-2-worker-1] INFO io.github.bonigarcia.wdm.WebDriverManager - Exporting webdriver.chrome.driver as C:\Users\satis\.cache\selenium\chromedriver\win64\131.0.6778.264\chromedriver.exe
[ForkJoinPool-2-worker-6] INFO io.github.bonigarcia.wdm.WebDriverManager - Exporting webdriver.chrome.driver as C:\Users\satis\.cache\selenium\chromedriver\win64\131.0.6778.264\chromedriver.exe
[ForkJoinPool-2-worker-2] INFO io.github.bonigarcia.wdm.WebDriverManager - Exporting webdriver.chrome.driver as C:\Users\satis\.cache\selenium\chromedriver\win64\131.0.6778.264\chromedriver.exe
[ForkJoinPool-2-worker-4] INFO io.github.bonigarcia.wdm.WebDriverManager - Using chromedriver 131.0.6778.264 (resolved driver for Chrome 131)
[ForkJoinPool-2-worker-3] INFO io.github.bonigarcia.wdm.WebDriverManager - Exporting webdriver.chrome.driver as C:\Users\satis\.cache\selenium\chromedriver\win64\131.0.6778.264\chromedriver.exe
[ForkJoinPool-2-worker-4] INFO io.github.bonigarcia.wdm.WebDriverManager - Exporting webdriver.chrome.driver as C:\Users\satis\.cache\selenium\chromedriver\win64\131.0.6778.264\chromedriver.exe
]]></system-err>
    <rerunFailure message="Error message for Username field does not match! ==&gt; expected: &lt;Require&gt; but was: &lt;Required&gt;" type="org.opentest4j.AssertionFailedError">
      <stackTrace><![CDATA[org.opentest4j.AssertionFailedError: Error message for Username field does not match! ==> expected: <Require> but was: <Required>
	at com.orangehrm.selenium.cucumber.stepdefs.EmptyLoginStepDef.i_should_see_error_messages(EmptyLoginStepDef.java:68)
	at ✽.I should see error messages for blank username and password fields(classpath:features/LoginWithEmptyCredentials.feature:15)
]]></stackTrace>
      <system-out><![CDATA[
@Login @InvalidLoginCredentials @SanityTest @RegressionTest
Scenario Outline: Login with Invalid Credentials Should Display Error Message   &amp#27;[90m# features/LoginWithInvalidCredentials.feature:20&amp#27;[0m
2025-01-16T20:44:56,835 [ForkJoinPool-4-worker-1] INFO  LogUtil:60 - Initializing WebDriver: Browser = chrome, Headless = false

@Login @EmptyLoginCredentials @SanityTest
Scenario: Login with Empty Credentials Should Display Error Messages      &amp#27;[90m# features/LoginWithEmptyCredentials.feature:12&amp#27;[0m
2025-01-16T20:44:56,900 [ForkJoinPool-4-worker-2] INFO  LogUtil:60 - Initializing WebDriver: Browser = chrome, Headless = false
2025-01-16T20:44:57,514 [ForkJoinPool-4-worker-1] INFO  LogUtil:60 - Driver Instance: ChromeDriver: chrome on windows (18bbbd2212dbfd40032bdaf0285b6027) at WebDriverHooks: setUp
2025-01-16T20:44:57,625 [ForkJoinPool-4-worker-2] INFO  LogUtil:60 - Driver Instance: ChromeDriver: chrome on windows (ae25a84fe7267bd6cd5daa80c518a151) at WebDriverHooks: setUp
2025-01-16T20:45:00,062 [ForkJoinPool-4-worker-1] INFO  LogUtil:60 - Navigating to the OrangeHRM login page.
2025-01-16T20:45:00,477 [ForkJoinPool-4-worker-2] INFO  LogUtil:60 - Navigating to the OrangeHRM login page.
2025-01-16T20:45:00,607 [ForkJoinPool-4-worker-1] INFO  LogUtil:60 - Login page loaded successfully.
  &amp#27;[32mGiven &amp#27;[0m&amp#27;[32mI am on the login page&amp#27;[0m                                                  &amp#27;[90m# com.orangehrm.selenium.cucumber.stepdefs.CommonStepDef.i_am_on_the_login_page()&amp#27;[0m
2025-01-16T20:45:00,609 [ForkJoinPool-4-worker-1] INFO  LogUtil:60 - Entering invalid credentials. Username: Admin, Password: admin123
2025-01-16T20:45:00,663 [ForkJoinPool-4-worker-1] INFO  LogUtil:60 - Entered username: Admin
2025-01-16T20:45:00,722 [ForkJoinPool-4-worker-1] INFO  LogUtil:60 - Entered password: admin123
  &amp#27;[32mGiven &amp#27;[0m&amp#27;[32mI enter an invalid user name &amp#27;[0m&amp#27;[32m&amp#27;[1m"Admin"&amp#27;[0m&amp#27;[32m and an invalid password &amp#27;[0m&amp#27;[32m&amp#27;[1m"admin123"&amp#27;[0m &amp#27;[90m# com.orangehrm.selenium.cucumber.stepdefs.InvalidLoginStepDef.i_enter_invalid_user_credentials(java.lang.String,java.lang.String)&amp#27;[0m
2025-01-16T20:45:00,781 [ForkJoinPool-4-worker-1] INFO  LogUtil:60 - Clicked login button
2025-01-16T20:45:00,781 [ForkJoinPool-4-worker-1] INFO  LogUtil:60 - Login button clicked.
  &amp#27;[32mWhen &amp#27;[0m&amp#27;[32mI click on the login button&amp#27;[0m                                              &amp#27;[90m# com.orangehrm.selenium.cucumber.stepdefs.CommonStepDef.i_click_on_the_login_button()&amp#27;[0m
2025-01-16T20:45:00,785 [ForkJoinPool-4-worker-1] INFO  LogUtil:60 - Verifying the error message: Invalid credentials
2025-01-16T20:45:01,015 [ForkJoinPool-4-worker-2] INFO  LogUtil:60 - Login page loaded successfully.
  &amp#27;[32mGiven &amp#27;[0m&amp#27;[32mI am on the login page&amp#27;[0m                                            &amp#27;[90m# com.orangehrm.selenium.cucumber.stepdefs.CommonStepDef.i_am_on_the_login_page()&amp#27;[0m
2025-01-16T20:45:01,017 [ForkJoinPool-4-worker-2] INFO  LogUtil:60 - Leaving the username and password fields empty.
2025-01-16T20:45:01,063 [ForkJoinPool-4-worker-2] INFO  LogUtil:60 - Entered username: 
2025-01-16T20:45:01,117 [ForkJoinPool-4-worker-2] INFO  LogUtil:60 - Entered password: 
  &amp#27;[32mGiven &amp#27;[0m&amp#27;[32mI leave the username and password fields empty&amp#27;[0m                    &amp#27;[90m# com.orangehrm.selenium.cucumber.stepdefs.EmptyLoginStepDef.i_leave_fields_empty()&amp#27;[0m
2025-01-16T20:45:01,174 [ForkJoinPool-4-worker-2] INFO  LogUtil:60 - Clicked login button
2025-01-16T20:45:01,174 [ForkJoinPool-4-worker-2] INFO  LogUtil:60 - Login button clicked.
  &amp#27;[32mWhen &amp#27;[0m&amp#27;[32mI click on the login button&amp#27;[0m                                        &amp#27;[90m# com.orangehrm.selenium.cucumber.stepdefs.CommonStepDef.i_click_on_the_login_button()&amp#27;[0m
2025-01-16T20:45:01,176 [ForkJoinPool-4-worker-2] INFO  LogUtil:60 - Verifying error messages for blank username and password fields.
  &amp#27;[31mThen &amp#27;[0m&amp#27;[31mI should see error messages for blank username and password fields&amp#27;[0m &amp#27;[90m# com.orangehrm.selenium.cucumber.stepdefs.EmptyLoginStepDef.i_should_see_error_messages()&amp#27;[0m
      &amp#27;[31morg.opentest4j.AssertionFailedError: Error message for Username field does not match! ==> expected: <Require> but was: <Required>
	at org.junit.jupiter.api.AssertionFailureBuilder.build(AssertionFailureBuilder.java:151)
	at org.junit.jupiter.api.AssertionFailureBuilder.buildAndThrow(AssertionFailureBuilder.java:132)
	at org.junit.jupiter.api.AssertEquals.failNotEqual(AssertEquals.java:197)
	at org.junit.jupiter.api.AssertEquals.assertEquals(AssertEquals.java:182)
	at org.junit.jupiter.api.Assertions.assertEquals(Assertions.java:1156)
	at com.orangehrm.selenium.cucumber.stepdefs.EmptyLoginStepDef.i_should_see_error_messages(EmptyLoginStepDef.java:68)
	at âœ½.I should see error messages for blank username and password fields(classpath:features/LoginWithEmptyCredentials.feature:15)
&amp#27;[0m

    Embedding Login with Empty Credentials Should Display Error Messages [image/png 81147 bytes]

2025-01-16T20:45:01,596 [ForkJoinPool-4-worker-2] ERROR LogUtil:66 - Test Failed: Login with Empty Credentials Should Display Error Messages
2025-01-16T20:45:01,596 [ForkJoinPool-4-worker-2] INFO  LogUtil:60 - Processing Scenario: Name = LoginWithEmptyCredentials, Line = 12
2025-01-16T20:45:01,596 [ForkJoinPool-4-worker-2] INFO  LogUtil:60 - Duplicate Screenshot: LoginWithEmptyCredentials at line 12
]]></system-out>
      <system-err><![CDATA[[ForkJoinPool-4-worker-1] INFO io.github.bonigarcia.wdm.WebDriverManager - Using chromedriver 131.0.6778.264 (resolved driver for Chrome 131)
[ForkJoinPool-4-worker-1] INFO io.github.bonigarcia.wdm.WebDriverManager - Exporting webdriver.chrome.driver as C:\Users\satis\.cache\selenium\chromedriver\win64\131.0.6778.264\chromedriver.exe
[ForkJoinPool-4-worker-2] INFO io.github.bonigarcia.wdm.WebDriverManager - Using chromedriver 131.0.6778.264 (resolved driver for Chrome 131)
[ForkJoinPool-4-worker-2] INFO io.github.bonigarcia.wdm.WebDriverManager - Exporting webdriver.chrome.driver as C:\Users\satis\.cache\selenium\chromedriver\win64\131.0.6778.264\chromedriver.exe
]]></system-err>
    </rerunFailure>
  </testcase>
  <testcase name="Login with Invalid Credentials - Login with Invalid Credentials Should Display Error Message - Examples - Example #1.3" classname="Login with Invalid Credentials - Login with Invalid Credentials Should Display Error Message - Examples" time="8.781"/>
  <testcase name="Login with Invalid Credentials - Login with Invalid Credentials Should Display Error Message - Examples - Example #1.1" classname="Login with Invalid Credentials - Login with Invalid Credentials Should Display Error Message - Examples" time="9.415"/>
  <testcase name="Login with Invalid Credentials - Login with Invalid Credentials Should Display Error Message - Examples - Example #1.2" classname="Login with Invalid Credentials - Login with Invalid Credentials Should Display Error Message - Examples" time="18.051">
    <failure message="Error message not displayed as expected! ==&gt; expected: &lt;Invalid credentials&gt; but was: &lt;&gt;" type="org.opentest4j.AssertionFailedError"><![CDATA[org.opentest4j.AssertionFailedError: Error message not displayed as expected! ==> expected: <Invalid credentials> but was: <>
	at com.orangehrm.selenium.cucumber.stepdefs.InvalidLoginStepDef.i_should_see_error_message(InvalidLoginStepDef.java:65)
	at ✽.I should see an error message "Invalid credentials" on the Login page(classpath:features/LoginWithInvalidCredentials.feature:15)
]]></failure>
    <system-out><![CDATA[  &amp#27;[31mThen &amp#27;[0m&amp#27;[31mI should see an error message &amp#27;[0m&amp#27;[31m&amp#27;[1m"Invalid credentials"&amp#27;[0m&amp#27;[31m on the Login page&amp#27;[0m    &amp#27;[90m# com.orangehrm.selenium.cucumber.stepdefs.InvalidLoginStepDef.i_should_see_error_message(java.lang.String)&amp#27;[0m
      &amp#27;[31morg.opentest4j.AssertionFailedError: Error message not displayed as expected! ==> expected: <Invalid credentials> but was: <>
	at org.junit.jupiter.api.AssertionFailureBuilder.build(AssertionFailureBuilder.java:151)
	at org.junit.jupiter.api.AssertionFailureBuilder.buildAndThrow(AssertionFailureBuilder.java:132)
	at org.junit.jupiter.api.AssertEquals.failNotEqual(AssertEquals.java:197)
	at org.junit.jupiter.api.AssertEquals.assertEquals(AssertEquals.java:182)
	at org.junit.jupiter.api.Assertions.assertEquals(Assertions.java:1156)
	at com.orangehrm.selenium.cucumber.stepdefs.InvalidLoginStepDef.i_should_see_error_message(InvalidLoginStepDef.java:65)
	at âœ½.I should see an error message "Invalid credentials" on the Login page(classpath:features/LoginWithInvalidCredentials.feature:15)
&amp#27;[0m

    Embedding Login with Invalid Credentials Should Display Error Message [image/png 257855 bytes]

2025-01-16T20:44:54,230 [ForkJoinPool-2-worker-6] ERROR LogUtil:66 - Test Failed: Login with Invalid Credentials Should Display Error Message
2025-01-16T20:44:54,230 [ForkJoinPool-2-worker-6] INFO  LogUtil:60 - Processing Scenario: Name = LoginWithInvalidCredentials, Line = 20
2025-01-16T20:44:54,428 [ForkJoinPool-2-worker-6] INFO  LogUtil:60 - Screenshot of Failed Test Scenario LoginWithInvalidCredentials is saved.
]]></system-out>
    <rerunFailure message="Error message not displayed as expected! ==&gt; expected: &lt;Invalid credentials&gt; but was: &lt;&gt;" type="org.opentest4j.AssertionFailedError">
      <stackTrace><![CDATA[org.opentest4j.AssertionFailedError: Error message not displayed as expected! ==> expected: <Invalid credentials> but was: <>
	at com.orangehrm.selenium.cucumber.stepdefs.InvalidLoginStepDef.i_should_see_error_message(InvalidLoginStepDef.java:65)
	at ✽.I should see an error message "Invalid credentials" on the Login page(classpath:features/LoginWithInvalidCredentials.feature:15)
]]></stackTrace>
      <system-out><![CDATA[  &amp#27;[31mThen &amp#27;[0m&amp#27;[31mI should see an error message &amp#27;[0m&amp#27;[31m&amp#27;[1m"Invalid credentials"&amp#27;[0m&amp#27;[31m on the Login page&amp#27;[0m    &amp#27;[90m# com.orangehrm.selenium.cucumber.stepdefs.InvalidLoginStepDef.i_should_see_error_message(java.lang.String)&amp#27;[0m
      &amp#27;[31morg.opentest4j.AssertionFailedError: Error message not displayed as expected! ==> expected: <Invalid credentials> but was: <>
	at org.junit.jupiter.api.AssertionFailureBuilder.build(AssertionFailureBuilder.java:151)
	at org.junit.jupiter.api.AssertionFailureBuilder.buildAndThrow(AssertionFailureBuilder.java:132)
	at org.junit.jupiter.api.AssertEquals.failNotEqual(AssertEquals.java:197)
	at org.junit.jupiter.api.AssertEquals.assertEquals(AssertEquals.java:182)
	at org.junit.jupiter.api.Assertions.assertEquals(Assertions.java:1156)
	at com.orangehrm.selenium.cucumber.stepdefs.InvalidLoginStepDef.i_should_see_error_message(InvalidLoginStepDef.java:65)
	at âœ½.I should see an error message "Invalid credentials" on the Login page(classpath:features/LoginWithInvalidCredentials.feature:15)
&amp#27;[0m

    Embedding Login with Invalid Credentials Should Display Error Message [image/png 257855 bytes]

2025-01-16T20:45:11,236 [ForkJoinPool-4-worker-1] ERROR LogUtil:66 - Test Failed: Login with Invalid Credentials Should Display Error Message
2025-01-16T20:45:11,236 [ForkJoinPool-4-worker-1] INFO  LogUtil:60 - Processing Scenario: Name = LoginWithInvalidCredentials, Line = 20
2025-01-16T20:45:11,237 [ForkJoinPool-4-worker-1] INFO  LogUtil:60 - Duplicate Screenshot: LoginWithInvalidCredentials at line 20
]]></system-out>
    </rerunFailure>
  </testcase>
  <testcase name="Password Reset Functionality - Reset Password Functionality Should Display Success Message" classname="Password Reset Functionality" time="10.463"/>
  <testcase name="Login with Valid Credentials - Login with Valid Credentials Should Navigate to Dashboard - Examples - Example #1.1" classname="Login with Valid Credentials - Login with Valid Credentials Should Navigate to Dashboard - Examples" time="11.037"/>
</testsuite>